#
# A fatal error has been detected by the Java Runtime Environment:
#
#  EXCEPTION_ACCESS_VIOLATION (0xc0000005) at pc=0x00000272b1e7112d, pid=21944, tid=23744
#
# JRE version: OpenJDK Runtime Environment Temurin-11.0.24+8 (11.0.24+8) (build 11.0.24+8)
# Java VM: OpenJDK 64-Bit Server VM Temurin-11.0.24+8 (11.0.24+8, mixed mode, tiered, compressed oops, g1 gc, windows-amd64)
# Problematic frame:
# v  ~StubRoutines::get_previous_fp
#
# No core dump will be written. Minidumps are not enabled by default on client versions of Windows
#
# If you would like to submit a bug report, please visit:
#   https://github.com/adoptium/adoptium-support/issues
#

---------------  S U M M A R Y ------------

Command Line: -ea -javaagent:c:\\Users\\ºúÒ«çç\\.vscode\\extensions\\vscjava.vscode-java-test-0.42.0\\server\\jacocoagent.jar=destfile=c:\\Users\\ºúÒ«çç\\AppData\\Roaming\\Code\\User\\workspaceStorage\\d2fb03d3bf85eb8093b5f09031fc8f3f\\vscjava.vscode-java-test\\ProjectStarter_b79a3a3e\\coverage\\jacoco.exec,append=false -Dfile.encoding=UTF-8 org.eclipse.jdt.internal.junit.runner.RemoteTestRunner -version 3 -port 59596 -testLoaderClass org.eclipse.jdt.internal.junit5.runner.JUnit5TestLoader -loaderpluginname org.eclipse.jdt.junit5.runtime -testNameFile C:\Users\ºúÒ«çç\AppData\Local\Temp\testNames17654291959597511424.txt

Host: 12th Gen Intel(R) Core(TM) i7-12700H, 20 cores, 15G,  Windows 11 , 64 bit Build 22621 (10.0.22621.3958)
Time: Fri Oct 25 14:11:52 2024  Windows 11 , 64 bit Build 22621 (10.0.22621.3958) elapsed time: 0.487252 seconds (0d 0h 0m 0s)

---------------  T H R E A D  ---------------

Current thread (0x00000272a96d8000):  JavaThread "main" [_thread_in_vm, id=23744, stack(0x000000ac26700000,0x000000ac26800000)]

Stack: [0x000000ac26700000,0x000000ac26800000],  sp=0x000000ac267ff3d0,  free space=1020k
Native frames: (J=compiled Java code, j=interpreted, Vv=VM code, C=native code)
C  0x00000272b1e7112d


siginfo: EXCEPTION_ACCESS_VIOLATION (0xc0000005), reading address 0x00000000000003d8


Register to memory mapping:

RIP=0x00000272b1e7112d is at begin+8 in a stub
StubRoutines::get_previous_fp [0x00000272b1e71125, 0x00000272b1e71132[ (13 bytes)
RAX=0x00000000000003d8 is an unknown value
RBX=0x000000ac267ff470 is pointing into the stack for thread: 0x00000272a96d8000
RCX=0x000000ac267ff470 is pointing into the stack for thread: 0x00000272a96d8000
RDX=0x0 is NULL
RSP=0x000000ac267ff3d0 is pointing into the stack for thread: 0x00000272a96d8000
RBP=0x000000ac267ff3d0 is pointing into the stack for thread: 0x00000272a96d8000
RSI=0x0 is NULL
RDI=0x00000272a96d8000 is a thread
R8 =0x000000ac267ff348 is pointing into the stack for thread: 0x00000272a96d8000
R9 =0x0000000000000001 is an unknown value
R10=0x0 is NULL
R11=0x000000ac267ff400 is pointing into the stack for thread: 0x00000272a96d8000
R12=0x00000272a96d8fb8 points into unknown readable memory: 0x0804bdf180be4317 | 17 43 be 80 f1 bd 04 08
R13=0x00000272a96e47f8 points into unknown readable memory: 0x00000272a745d890 | 90 d8 45 a7 72 02 00 00
R14=0x00000272ceedc930 points into unknown readable memory: 0x00000000ffffffff | ff ff ff ff 00 00 00 00
R15=0x00000272a96d8be0 points into unknown readable memory: 0x0072006f006d0020 | 20 00 6d 00 6f 00 72 00


Registers:
RAX=0x00000000000003d8, RBX=0x000000ac267ff470, RCX=0x000000ac267ff470, RDX=0x0000000000000000
RSP=0x000000ac267ff3d0, RBP=0x000000ac267ff3d0, RSI=0x0000000000000000, RDI=0x00000272a96d8000
R8 =0x000000ac267ff348, R9 =0x0000000000000001, R10=0x0000000000000000, R11=0x000000ac267ff400
R12=0x00000272a96d8fb8, R13=0x00000272a96e47f8, R14=0x00000272ceedc930, R15=0x00000272a96d8be0
RIP=0x00000272b1e7112d, EFLAGS=0x0000000000010202

Top of Stack: (sp=0x000000ac267ff3d0)
0x000000ac267ff3d0:   00000000000003d8 00007ffd24665dc6
0x000000ac267ff3e0:   00007ffda5a8f550 00007ffda5a8f550
0x000000ac267ff3f0:   000000ac267ff490 000000ac267ff420
0x000000ac267ff400:   00000272a96d8bd0 00007ffd240e254c
0x000000ac267ff410:   000000ac267ff480 00000272a745c690
0x000000ac267ff420:   00000000000007d0 0000000000007fd8
0x000000ac267ff430:   00000272a96d8000 00007ffd247b9611
0x000000ac267ff440:   00000272a745c690 00000272a96d8bd0
0x000000ac267ff450:   00000272a96d8bd0 00000272a7464a00
0x000000ac267ff460:   00000272a96cbda8 00007ffd879d148c
0x000000ac267ff470:   0000000000000024 00007ffd879d82d0
0x000000ac267ff480:   000000ac267ff4d0 00007ffda5a8f550
0x000000ac267ff490:   00007ffda5a8f550 0000000000000000
0x000000ac267ff4a0:   0000046493a97afd 00007ffd879d7ae0
0x000000ac267ff4b0:   00000272a96d8000 00007ffd246684e0
0x000000ac267ff4c0:   00000272a96d8350 00007ffd879d82d0 

Instructions: (pc=0x00000272b1e7112d)
0x00000272b1e7102d:   84 83 00 00 00 83 fa 07 0f 84 80 00 00 00 89 01
0x00000272b1e7103d:   48 8d a5 28 fe ff ff c5 fa 6f 75 b8 c5 fa 6f 7d
0x00000272b1e7104d:   a8 c5 7a 6f 45 98 c5 7a 6f 4d 88 c5 7a 6f 95 78
0x00000272b1e7105d:   ff ff ff c5 7a 6f 9d 68 ff ff ff c5 7a 6f a5 58
0x00000272b1e7106d:   ff ff ff c5 7a 6f ad 48 ff ff ff c5 7a 6f b5 38
0x00000272b1e7107d:   ff ff ff c5 7a 6f bd 28 ff ff ff 4c 8b 7d c8 4c
0x00000272b1e7108d:   8b 75 d0 4c 8b 6d d8 4c 8b 65 e0 48 8b 5d f8 48
0x00000272b1e7109d:   8b 7d e8 48 8b 75 f0 48 81 c4 d8 01 00 00 c5 f8
0x00000272b1e710ad:   77 5d c3 48 89 01 eb 88 c5 fa 11 01 eb 82 c5 fb
0x00000272b1e710bd:   11 01 e9 79 ff ff ff 49 89 47 08 49 ba a0 53 96
0x00000272b1e710cd:   24 fd 7f 00 00 4d 89 57 10 41 c7 47 18 da 01 00
0x00000272b1e710dd:   00 e9 2d ff ff ff 8b c1 87 02 c3 48 8b c1 48 87
0x00000272b1e710ed:   02 c3 41 8b c0 f0 0f b1 0a c3 49 0f be c0 f0 0f
0x00000272b1e710fd:   b0 0a c3 49 8b c0 f0 48 0f b1 0a c3 8b c1 f0 0f
0x00000272b1e7110d:   c1 0a 03 c1 c3 48 8b c1 f0 48 0f c1 0a 48 03 c1
0x00000272b1e7111d:   c3 f0 83 44 24 c0 00 c3 55 48 8b ec 48 8b 45 00
0x00000272b1e7112d:   48 8b 00 5d c3 48 8b c4 48 83 c0 08 c3 c3 0f 1f
0x00000272b1e7113d:   44 00 00 55 48 8b ec 49 b9 f0 10 ac 24 fd 7f 00
0x00000272b1e7114d:   00 f7 d1 41 83 f8 10 0f 8c 38 02 00 00 44 8b da
0x00000272b1e7115d:   41 83 e3 0f 74 23 41 83 eb 10 45 03 c3 66 90 0f
0x00000272b1e7116d:   be 02 33 c1 81 e0 ff 00 00 00 c1 e9 08 41 33 0c
0x00000272b1e7117d:   81 48 ff c2 41 ff c3 7c e6 45 8b d8 41 c1 e8 04
0x00000272b1e7118d:   0f 84 fc 01 00 00 c5 f9 6f 0a c5 f9 7e c8 33 c8
0x00000272b1e7119d:   c4 e3 71 22 c9 00 48 83 c2 10 41 83 e8 04 0f 8c
0x00000272b1e711ad:   d7 00 00 00 c5 f9 6f 12 c5 f9 6f 5a 10 c5 f9 6f
0x00000272b1e711bd:   62 20 48 83 c2 30 41 83 e8 03 0f 8e 70 00 00 00
0x00000272b1e711cd:   49 ba e0 10 ac 24 fd 7f 00 00 c4 c1 7a 6f 02 0f
0x00000272b1e711dd:   1f 40 00 c4 e3 79 44 e9 11 c4 e3 79 44 c9 00 c5
0x00000272b1e711ed:   f1 ef 0a c5 f1 ef cd c4 e3 79 44 ea 11 c4 e3 79
0x00000272b1e711fd:   44 d2 00 c5 e9 ef 52 10 c5 e9 ef d5 c4 e3 79 44
0x00000272b1e7120d:   eb 11 c4 e3 79 44 db 00 c5 e1 ef 5a 20 c5 e1 ef
0x00000272b1e7121d:   dd c4 e3 79 44 ec 11 c4 e3 79 44 e4 00 c5 d9 ef 


Stack slot to memory mapping:
stack at sp + 0 slots: 0x00000000000003d8 is an unknown value
stack at sp + 1 slots: 0x00007ffd24665dc6 jvm.dll
stack at sp + 2 slots: 0x00007ffda5a8f550 ucrtbase.dll
stack at sp + 3 slots: 0x00007ffda5a8f550 ucrtbase.dll
stack at sp + 4 slots: 0x000000ac267ff490 is pointing into the stack for thread: 0x00000272a96d8000
stack at sp + 5 slots: 0x000000ac267ff420 is pointing into the stack for thread: 0x00000272a96d8000
stack at sp + 6 slots: 0x00000272a96d8bd0 points into unknown readable memory: 0x00000272ceedc920 | 20 c9 ed ce 72 02 00 00
stack at sp + 7 slots: 0x00007ffd240e254c jvm.dll

StubRoutines::get_previous_fp [0x00000272b1e71125, 0x00000272b1e71132[ (13 bytes)
---------------  P R O C E S S  ---------------

Threads class SMR info:
_java_thread_list=0x00000272cec4da90, length=15, elements={
0x00000272a96d8000, 0x00000272cead3000, 0x00000272ceadc000, 0x00000272ceb43000,
0x00000272ceb45000, 0x00000272ceb46800, 0x00000272ceb4a800, 0x00000272ceb51000,
0x00000272ceb5b000, 0x00000272ceaa0800, 0x00000272ceccf000, 0x00000272cecd0000,
0x00000272cecd4800, 0x00000272cecd5800, 0x00000272ced70000
}

Java Threads: ( => current thread )
=>0x00000272a96d8000 JavaThread "main" [_thread_in_vm, id=23744, stack(0x000000ac26700000,0x000000ac26800000)]
  0x00000272cead3000 JavaThread "Reference Handler" daemon [_thread_blocked, id=24836, stack(0x000000ac26e00000,0x000000ac26f00000)]
  0x00000272ceadc000 JavaThread "Finalizer" daemon [_thread_blocked, id=10900, stack(0x000000ac26f00000,0x000000ac27000000)]
  0x00000272ceb43000 JavaThread "Signal Dispatcher" daemon [_thread_blocked, id=18796, stack(0x000000ac27000000,0x000000ac27100000)]
  0x00000272ceb45000 JavaThread "Attach Listener" daemon [_thread_blocked, id=16524, stack(0x000000ac27100000,0x000000ac27200000)]
  0x00000272ceb46800 JavaThread "Service Thread" daemon [_thread_blocked, id=4020, stack(0x000000ac27200000,0x000000ac27300000)]
  0x00000272ceb4a800 JavaThread "C2 CompilerThread0" daemon [_thread_blocked, id=12940, stack(0x000000ac27300000,0x000000ac27400000)]
  0x00000272ceb51000 JavaThread "C1 CompilerThread0" daemon [_thread_blocked, id=14032, stack(0x000000ac27400000,0x000000ac27500000)]
  0x00000272ceb5b000 JavaThread "Sweeper thread" daemon [_thread_blocked, id=24908, stack(0x000000ac27500000,0x000000ac27600000)]
  0x00000272ceaa0800 JavaThread "Common-Cleaner" daemon [_thread_blocked, id=7352, stack(0x000000ac27600000,0x000000ac27700000)]
  0x00000272ceccf000 JavaThread "C1 CompilerThread1" daemon [_thread_blocked, id=3180, stack(0x000000ac27700000,0x000000ac27800000)]
  0x00000272cecd0000 JavaThread "C1 CompilerThread2" daemon [_thread_blocked, id=11448, stack(0x000000ac27800000,0x000000ac27900000)]
  0x00000272cecd4800 JavaThread "C1 CompilerThread3" daemon [_thread_blocked, id=24812, stack(0x000000ac27900000,0x000000ac27a00000)]
  0x00000272cecd5800 JavaThread "C2 CompilerThread1" daemon [_thread_blocked, id=20096, stack(0x000000ac27a00000,0x000000ac27b00000)]
  0x00000272ced70000 JavaThread "C2 CompilerThread2" daemon [_thread_blocked, id=10380, stack(0x000000ac27b00000,0x000000ac27c00000)]

Other Threads:
  0x00000272ceaae000 VMThread "VM Thread" [stack: 0x000000ac26d00000,0x000000ac26e00000] [id=19872]
  0x00000272a96f4000 GCTaskThread "GC Thread#0" [stack: 0x000000ac26800000,0x000000ac26900000] [id=15520]
  0x00000272a974f000 ConcurrentGCThread "G1 Main Marker" [stack: 0x000000ac26900000,0x000000ac26a00000] [id=17344]
  0x00000272a9752800 ConcurrentGCThread "G1 Conc#0" [stack: 0x000000ac26a00000,0x000000ac26b00000] [id=22936]
  0x00000272ce110800 ConcurrentGCThread "G1 Refine#0" [stack: 0x000000ac26b00000,0x000000ac26c00000] [id=24644]
  0x00000272ce111800 ConcurrentGCThread "G1 Young RemSet Sampling" [stack: 0x000000ac26c00000,0x000000ac26d00000] [id=7248]

Threads with active compile tasks:

VM state:not at safepoint (normal execution)

VM Mutex/Monitor currently owned by a thread: None

Heap address: 0x0000000705200000, size: 4014 MB, Compressed Oops mode: Zero based, Oop shift amount: 3
Narrow klass base: 0x0000000800000000, Narrow klass shift: 0
Compressed class space size: 1073741824 Address: 0x0000000800000000

Heap:
 garbage-first heap   total 258048K, used 4096K [0x0000000705200000, 0x0000000800000000)
  region size 1024K, 5 young (5120K), 0 survivors (0K)
 Metaspace       used 6690K, capacity 6850K, committed 7168K, reserved 1056768K
  class space    used 581K, capacity 643K, committed 768K, reserved 1048576K
Heap Regions: E=young(eden), S=young(survivor), O=old, HS=humongous(starts), HC=humongous(continues), CS=collection set, F=free, A=archive, TAMS=top-at-mark-start (previous, next)
|   0|0x0000000705200000, 0x0000000705200000, 0x0000000705300000|  0%| F|  |TAMS 0x0000000705200000, 0x0000000705200000| Untracked 
|   1|0x0000000705300000, 0x0000000705300000, 0x0000000705400000|  0%| F|  |TAMS 0x0000000705300000, 0x0000000705300000| Untracked 
|   2|0x0000000705400000, 0x0000000705400000, 0x0000000705500000|  0%| F|  |TAMS 0x0000000705400000, 0x0000000705400000| Untracked 
|   3|0x0000000705500000, 0x0000000705500000, 0x0000000705600000|  0%| F|  |TAMS 0x0000000705500000, 0x0000000705500000| Untracked 
|   4|0x0000000705600000, 0x0000000705600000, 0x0000000705700000|  0%| F|  |TAMS 0x0000000705600000, 0x0000000705600000| Untracked 
|   5|0x0000000705700000, 0x0000000705700000, 0x0000000705800000|  0%| F|  |TAMS 0x0000000705700000, 0x0000000705700000| Untracked 
|   6|0x0000000705800000, 0x0000000705800000, 0x0000000705900000|  0%| F|  |TAMS 0x0000000705800000, 0x0000000705800000| Untracked 
|   7|0x0000000705900000, 0x0000000705900000, 0x0000000705a00000|  0%| F|  |TAMS 0x0000000705900000, 0x0000000705900000| Untracked 
|   8|0x0000000705a00000, 0x0000000705a00000, 0x0000000705b00000|  0%| F|  |TAMS 0x0000000705a00000, 0x0000000705a00000| Untracked 
|   9|0x0000000705b00000, 0x0000000705b00000, 0x0000000705c00000|  0%| F|  |TAMS 0x0000000705b00000, 0x0000000705b00000| Untracked 
|  10|0x0000000705c00000, 0x0000000705c00000, 0x0000000705d00000|  0%| F|  |TAMS 0x0000000705c00000, 0x0000000705c00000| Untracked 
|  11|0x0000000705d00000, 0x0000000705d00000, 0x0000000705e00000|  0%| F|  |TAMS 0x0000000705d00000, 0x0000000705d00000| Untracked 
|  12|0x0000000705e00000, 0x0000000705e00000, 0x0000000705f00000|  0%| F|  |TAMS 0x0000000705e00000, 0x0000000705e00000| Untracked 
|  13|0x0000000705f00000, 0x0000000705f00000, 0x0000000706000000|  0%| F|  |TAMS 0x0000000705f00000, 0x0000000705f00000| Untracked 
|  14|0x0000000706000000, 0x0000000706000000, 0x0000000706100000|  0%| F|  |TAMS 0x0000000706000000, 0x0000000706000000| Untracked 
|  15|0x0000000706100000, 0x0000000706100000, 0x0000000706200000|  0%| F|  |TAMS 0x0000000706100000, 0x0000000706100000| Untracked 
|  16|0x0000000706200000, 0x0000000706200000, 0x0000000706300000|  0%| F|  |TAMS 0x0000000706200000, 0x0000000706200000| Untracked 
|  17|0x0000000706300000, 0x0000000706300000, 0x0000000706400000|  0%| F|  |TAMS 0x0000000706300000, 0x0000000706300000| Untracked 
|  18|0x0000000706400000, 0x0000000706400000, 0x0000000706500000|  0%| F|  |TAMS 0x0000000706400000, 0x0000000706400000| Untracked 
|  19|0x0000000706500000, 0x0000000706500000, 0x0000000706600000|  0%| F|  |TAMS 0x0000000706500000, 0x0000000706500000| Untracked 
|  20|0x0000000706600000, 0x0000000706600000, 0x0000000706700000|  0%| F|  |TAMS 0x0000000706600000, 0x0000000706600000| Untracked 
|  21|0x0000000706700000, 0x0000000706700000, 0x0000000706800000|  0%| F|  |TAMS 0x0000000706700000, 0x0000000706700000| Untracked 
|  22|0x0000000706800000, 0x0000000706800000, 0x0000000706900000|  0%| F|  |TAMS 0x0000000706800000, 0x0000000706800000| Untracked 
|  23|0x0000000706900000, 0x0000000706900000, 0x0000000706a00000|  0%| F|  |TAMS 0x0000000706900000, 0x0000000706900000| Untracked 
|  24|0x0000000706a00000, 0x0000000706a00000, 0x0000000706b00000|  0%| F|  |TAMS 0x0000000706a00000, 0x0000000706a00000| Untracked 
|  25|0x0000000706b00000, 0x0000000706b00000, 0x0000000706c00000|  0%| F|  |TAMS 0x0000000706b00000, 0x0000000706b00000| Untracked 
|  26|0x0000000706c00000, 0x0000000706c00000, 0x0000000706d00000|  0%| F|  |TAMS 0x0000000706c00000, 0x0000000706c00000| Untracked 
|  27|0x0000000706d00000, 0x0000000706d00000, 0x0000000706e00000|  0%| F|  |TAMS 0x0000000706d00000, 0x0000000706d00000| Untracked 
|  28|0x0000000706e00000, 0x0000000706e00000, 0x0000000706f00000|  0%| F|  |TAMS 0x0000000706e00000, 0x0000000706e00000| Untracked 
|  29|0x0000000706f00000, 0x0000000706f00000, 0x0000000707000000|  0%| F|  |TAMS 0x0000000706f00000, 0x0000000706f00000| Untracked 
|  30|0x0000000707000000, 0x0000000707000000, 0x0000000707100000|  0%| F|  |TAMS 0x0000000707000000, 0x0000000707000000| Untracked 
|  31|0x0000000707100000, 0x0000000707100000, 0x0000000707200000|  0%| F|  |TAMS 0x0000000707100000, 0x0000000707100000| Untracked 
|  32|0x0000000707200000, 0x0000000707200000, 0x0000000707300000|  0%| F|  |TAMS 0x0000000707200000, 0x0000000707200000| Untracked 
|  33|0x0000000707300000, 0x0000000707300000, 0x0000000707400000|  0%| F|  |TAMS 0x0000000707300000, 0x0000000707300000| Untracked 
|  34|0x0000000707400000, 0x0000000707400000, 0x0000000707500000|  0%| F|  |TAMS 0x0000000707400000, 0x0000000707400000| Untracked 
|  35|0x0000000707500000, 0x0000000707500000, 0x0000000707600000|  0%| F|  |TAMS 0x0000000707500000, 0x0000000707500000| Untracked 
|  36|0x0000000707600000, 0x0000000707600000, 0x0000000707700000|  0%| F|  |TAMS 0x0000000707600000, 0x0000000707600000| Untracked 
|  37|0x0000000707700000, 0x0000000707700000, 0x0000000707800000|  0%| F|  |TAMS 0x0000000707700000, 0x0000000707700000| Untracked 
|  38|0x0000000707800000, 0x0000000707800000, 0x0000000707900000|  0%| F|  |TAMS 0x0000000707800000, 0x0000000707800000| Untracked 
|  39|0x0000000707900000, 0x0000000707900000, 0x0000000707a00000|  0%| F|  |TAMS 0x0000000707900000, 0x0000000707900000| Untracked 
|  40|0x0000000707a00000, 0x0000000707a00000, 0x0000000707b00000|  0%| F|  |TAMS 0x0000000707a00000, 0x0000000707a00000| Untracked 
|  41|0x0000000707b00000, 0x0000000707b00000, 0x0000000707c00000|  0%| F|  |TAMS 0x0000000707b00000, 0x0000000707b00000| Untracked 
|  42|0x0000000707c00000, 0x0000000707c00000, 0x0000000707d00000|  0%| F|  |TAMS 0x0000000707c00000, 0x0000000707c00000| Untracked 
|  43|0x0000000707d00000, 0x0000000707d00000, 0x0000000707e00000|  0%| F|  |TAMS 0x0000000707d00000, 0x0000000707d00000| Untracked 
|  44|0x0000000707e00000, 0x0000000707e00000, 0x0000000707f00000|  0%| F|  |TAMS 0x0000000707e00000, 0x0000000707e00000| Untracked 
|  45|0x0000000707f00000, 0x0000000707f00000, 0x0000000708000000|  0%| F|  |TAMS 0x0000000707f00000, 0x0000000707f00000| Untracked 
|  46|0x0000000708000000, 0x0000000708000000, 0x0000000708100000|  0%| F|  |TAMS 0x0000000708000000, 0x0000000708000000| Untracked 
|  47|0x0000000708100000, 0x0000000708100000, 0x0000000708200000|  0%| F|  |TAMS 0x0000000708100000, 0x0000000708100000| Untracked 
|  48|0x0000000708200000, 0x0000000708200000, 0x0000000708300000|  0%| F|  |TAMS 0x0000000708200000, 0x0000000708200000| Untracked 
|  49|0x0000000708300000, 0x0000000708300000, 0x0000000708400000|  0%| F|  |TAMS 0x0000000708300000, 0x0000000708300000| Untracked 
|  50|0x0000000708400000, 0x0000000708400000, 0x0000000708500000|  0%| F|  |TAMS 0x0000000708400000, 0x0000000708400000| Untracked 
|  51|0x0000000708500000, 0x0000000708500000, 0x0000000708600000|  0%| F|  |TAMS 0x0000000708500000, 0x0000000708500000| Untracked 
|  52|0x0000000708600000, 0x0000000708600000, 0x0000000708700000|  0%| F|  |TAMS 0x0000000708600000, 0x0000000708600000| Untracked 
|  53|0x0000000708700000, 0x0000000708700000, 0x0000000708800000|  0%| F|  |TAMS 0x0000000708700000, 0x0000000708700000| Untracked 
|  54|0x0000000708800000, 0x0000000708800000, 0x0000000708900000|  0%| F|  |TAMS 0x0000000708800000, 0x0000000708800000| Untracked 
|  55|0x0000000708900000, 0x0000000708900000, 0x0000000708a00000|  0%| F|  |TAMS 0x0000000708900000, 0x0000000708900000| Untracked 
|  56|0x0000000708a00000, 0x0000000708a00000, 0x0000000708b00000|  0%| F|  |TAMS 0x0000000708a00000, 0x0000000708a00000| Untracked 
|  57|0x0000000708b00000, 0x0000000708b00000, 0x0000000708c00000|  0%| F|  |TAMS 0x0000000708b00000, 0x0000000708b00000| Untracked 
|  58|0x0000000708c00000, 0x0000000708c00000, 0x0000000708d00000|  0%| F|  |TAMS 0x0000000708c00000, 0x0000000708c00000| Untracked 
|  59|0x0000000708d00000, 0x0000000708d00000, 0x0000000708e00000|  0%| F|  |TAMS 0x0000000708d00000, 0x0000000708d00000| Untracked 
|  60|0x0000000708e00000, 0x0000000708e00000, 0x0000000708f00000|  0%| F|  |TAMS 0x0000000708e00000, 0x0000000708e00000| Untracked 
|  61|0x0000000708f00000, 0x0000000708f00000, 0x0000000709000000|  0%| F|  |TAMS 0x0000000708f00000, 0x0000000708f00000| Untracked 
|  62|0x0000000709000000, 0x0000000709000000, 0x0000000709100000|  0%| F|  |TAMS 0x0000000709000000, 0x0000000709000000| Untracked 
|  63|0x0000000709100000, 0x0000000709100000, 0x0000000709200000|  0%| F|  |TAMS 0x0000000709100000, 0x0000000709100000| Untracked 
|  64|0x0000000709200000, 0x0000000709200000, 0x0000000709300000|  0%| F|  |TAMS 0x0000000709200000, 0x0000000709200000| Untracked 
|  65|0x0000000709300000, 0x0000000709300000, 0x0000000709400000|  0%| F|  |TAMS 0x0000000709300000, 0x0000000709300000| Untracked 
|  66|0x0000000709400000, 0x0000000709400000, 0x0000000709500000|  0%| F|  |TAMS 0x0000000709400000, 0x0000000709400000| Untracked 
|  67|0x0000000709500000, 0x0000000709500000, 0x0000000709600000|  0%| F|  |TAMS 0x0000000709500000, 0x0000000709500000| Untracked 
|  68|0x0000000709600000, 0x0000000709600000, 0x0000000709700000|  0%| F|  |TAMS 0x0000000709600000, 0x0000000709600000| Untracked 
|  69|0x0000000709700000, 0x0000000709700000, 0x0000000709800000|  0%| F|  |TAMS 0x0000000709700000, 0x0000000709700000| Untracked 
|  70|0x0000000709800000, 0x0000000709800000, 0x0000000709900000|  0%| F|  |TAMS 0x0000000709800000, 0x0000000709800000| Untracked 
|  71|0x0000000709900000, 0x0000000709900000, 0x0000000709a00000|  0%| F|  |TAMS 0x0000000709900000, 0x0000000709900000| Untracked 
|  72|0x0000000709a00000, 0x0000000709a00000, 0x0000000709b00000|  0%| F|  |TAMS 0x0000000709a00000, 0x0000000709a00000| Untracked 
|  73|0x0000000709b00000, 0x0000000709b00000, 0x0000000709c00000|  0%| F|  |TAMS 0x0000000709b00000, 0x0000000709b00000| Untracked 
|  74|0x0000000709c00000, 0x0000000709c00000, 0x0000000709d00000|  0%| F|  |TAMS 0x0000000709c00000, 0x0000000709c00000| Untracked 
|  75|0x0000000709d00000, 0x0000000709d00000, 0x0000000709e00000|  0%| F|  |TAMS 0x0000000709d00000, 0x0000000709d00000| Untracked 
|  76|0x0000000709e00000, 0x0000000709e00000, 0x0000000709f00000|  0%| F|  |TAMS 0x0000000709e00000, 0x0000000709e00000| Untracked 
|  77|0x0000000709f00000, 0x0000000709f00000, 0x000000070a000000|  0%| F|  |TAMS 0x0000000709f00000, 0x0000000709f00000| Untracked 
|  78|0x000000070a000000, 0x000000070a000000, 0x000000070a100000|  0%| F|  |TAMS 0x000000070a000000, 0x000000070a000000| Untracked 
|  79|0x000000070a100000, 0x000000070a100000, 0x000000070a200000|  0%| F|  |TAMS 0x000000070a100000, 0x000000070a100000| Untracked 
|  80|0x000000070a200000, 0x000000070a200000, 0x000000070a300000|  0%| F|  |TAMS 0x000000070a200000, 0x000000070a200000| Untracked 
|  81|0x000000070a300000, 0x000000070a300000, 0x000000070a400000|  0%| F|  |TAMS 0x000000070a300000, 0x000000070a300000| Untracked 
|  82|0x000000070a400000, 0x000000070a400000, 0x000000070a500000|  0%| F|  |TAMS 0x000000070a400000, 0x000000070a400000| Untracked 
|  83|0x000000070a500000, 0x000000070a500000, 0x000000070a600000|  0%| F|  |TAMS 0x000000070a500000, 0x000000070a500000| Untracked 
|  84|0x000000070a600000, 0x000000070a600000, 0x000000070a700000|  0%| F|  |TAMS 0x000000070a600000, 0x000000070a600000| Untracked 
|  85|0x000000070a700000, 0x000000070a700000, 0x000000070a800000|  0%| F|  |TAMS 0x000000070a700000, 0x000000070a700000| Untracked 
|  86|0x000000070a800000, 0x000000070a800000, 0x000000070a900000|  0%| F|  |TAMS 0x000000070a800000, 0x000000070a800000| Untracked 
|  87|0x000000070a900000, 0x000000070a900000, 0x000000070aa00000|  0%| F|  |TAMS 0x000000070a900000, 0x000000070a900000| Untracked 
|  88|0x000000070aa00000, 0x000000070aa00000, 0x000000070ab00000|  0%| F|  |TAMS 0x000000070aa00000, 0x000000070aa00000| Untracked 
|  89|0x000000070ab00000, 0x000000070ab00000, 0x000000070ac00000|  0%| F|  |TAMS 0x000000070ab00000, 0x000000070ab00000| Untracked 
|  90|0x000000070ac00000, 0x000000070ac00000, 0x000000070ad00000|  0%| F|  |TAMS 0x000000070ac00000, 0x000000070ac00000| Untracked 
|  91|0x000000070ad00000, 0x000000070ad00000, 0x000000070ae00000|  0%| F|  |TAMS 0x000000070ad00000, 0x000000070ad00000| Untracked 
|  92|0x000000070ae00000, 0x000000070ae00000, 0x000000070af00000|  0%| F|  |TAMS 0x000000070ae00000, 0x000000070ae00000| Untracked 
|  93|0x000000070af00000, 0x000000070af00000, 0x000000070b000000|  0%| F|  |TAMS 0x000000070af00000, 0x000000070af00000| Untracked 
|  94|0x000000070b000000, 0x000000070b000000, 0x000000070b100000|  0%| F|  |TAMS 0x000000070b000000, 0x000000070b000000| Untracked 
|  95|0x000000070b100000, 0x000000070b100000, 0x000000070b200000|  0%| F|  |TAMS 0x000000070b100000, 0x000000070b100000| Untracked 
|  96|0x000000070b200000, 0x000000070b200000, 0x000000070b300000|  0%| F|  |TAMS 0x000000070b200000, 0x000000070b200000| Untracked 
|  97|0x000000070b300000, 0x000000070b300000, 0x000000070b400000|  0%| F|  |TAMS 0x000000070b300000, 0x000000070b300000| Untracked 
|  98|0x000000070b400000, 0x000000070b400000, 0x000000070b500000|  0%| F|  |TAMS 0x000000070b400000, 0x000000070b400000| Untracked 
|  99|0x000000070b500000, 0x000000070b500000, 0x000000070b600000|  0%| F|  |TAMS 0x000000070b500000, 0x000000070b500000| Untracked 
| 100|0x000000070b600000, 0x000000070b600000, 0x000000070b700000|  0%| F|  |TAMS 0x000000070b600000, 0x000000070b600000| Untracked 
| 101|0x000000070b700000, 0x000000070b700000, 0x000000070b800000|  0%| F|  |TAMS 0x000000070b700000, 0x000000070b700000| Untracked 
| 102|0x000000070b800000, 0x000000070b800000, 0x000000070b900000|  0%| F|  |TAMS 0x000000070b800000, 0x000000070b800000| Untracked 
| 103|0x000000070b900000, 0x000000070b900000, 0x000000070ba00000|  0%| F|  |TAMS 0x000000070b900000, 0x000000070b900000| Untracked 
| 104|0x000000070ba00000, 0x000000070ba00000, 0x000000070bb00000|  0%| F|  |TAMS 0x000000070ba00000, 0x000000070ba00000| Untracked 
| 105|0x000000070bb00000, 0x000000070bb00000, 0x000000070bc00000|  0%| F|  |TAMS 0x000000070bb00000, 0x000000070bb00000| Untracked 
| 106|0x000000070bc00000, 0x000000070bc00000, 0x000000070bd00000|  0%| F|  |TAMS 0x000000070bc00000, 0x000000070bc00000| Untracked 
| 107|0x000000070bd00000, 0x000000070bd00000, 0x000000070be00000|  0%| F|  |TAMS 0x000000070bd00000, 0x000000070bd00000| Untracked 
| 108|0x000000070be00000, 0x000000070be00000, 0x000000070bf00000|  0%| F|  |TAMS 0x000000070be00000, 0x000000070be00000| Untracked 
| 109|0x000000070bf00000, 0x000000070bf00000, 0x000000070c000000|  0%| F|  |TAMS 0x000000070bf00000, 0x000000070bf00000| Untracked 
| 110|0x000000070c000000, 0x000000070c000000, 0x000000070c100000|  0%| F|  |TAMS 0x000000070c000000, 0x000000070c000000| Untracked 
| 111|0x000000070c100000, 0x000000070c100000, 0x000000070c200000|  0%| F|  |TAMS 0x000000070c100000, 0x000000070c100000| Untracked 
| 112|0x000000070c200000, 0x000000070c200000, 0x000000070c300000|  0%| F|  |TAMS 0x000000070c200000, 0x000000070c200000| Untracked 
| 113|0x000000070c300000, 0x000000070c300000, 0x000000070c400000|  0%| F|  |TAMS 0x000000070c300000, 0x000000070c300000| Untracked 
| 114|0x000000070c400000, 0x000000070c400000, 0x000000070c500000|  0%| F|  |TAMS 0x000000070c400000, 0x000000070c400000| Untracked 
| 115|0x000000070c500000, 0x000000070c500000, 0x000000070c600000|  0%| F|  |TAMS 0x000000070c500000, 0x000000070c500000| Untracked 
| 116|0x000000070c600000, 0x000000070c600000, 0x000000070c700000|  0%| F|  |TAMS 0x000000070c600000, 0x000000070c600000| Untracked 
| 117|0x000000070c700000, 0x000000070c700000, 0x000000070c800000|  0%| F|  |TAMS 0x000000070c700000, 0x000000070c700000| Untracked 
| 118|0x000000070c800000, 0x000000070c800000, 0x000000070c900000|  0%| F|  |TAMS 0x000000070c800000, 0x000000070c800000| Untracked 
| 119|0x000000070c900000, 0x000000070c900000, 0x000000070ca00000|  0%| F|  |TAMS 0x000000070c900000, 0x000000070c900000| Untracked 
| 120|0x000000070ca00000, 0x000000070ca00000, 0x000000070cb00000|  0%| F|  |TAMS 0x000000070ca00000, 0x000000070ca00000| Untracked 
| 121|0x000000070cb00000, 0x000000070cb00000, 0x000000070cc00000|  0%| F|  |TAMS 0x000000070cb00000, 0x000000070cb00000| Untracked 
| 122|0x000000070cc00000, 0x000000070cc00000, 0x000000070cd00000|  0%| F|  |TAMS 0x000000070cc00000, 0x000000070cc00000| Untracked 
| 123|0x000000070cd00000, 0x000000070cd00000, 0x000000070ce00000|  0%| F|  |TAMS 0x000000070cd00000, 0x000000070cd00000| Untracked 
| 124|0x000000070ce00000, 0x000000070ce00000, 0x000000070cf00000|  0%| F|  |TAMS 0x000000070ce00000, 0x000000070ce00000| Untracked 
| 125|0x000000070cf00000, 0x000000070cf00000, 0x000000070d000000|  0%| F|  |TAMS 0x000000070cf00000, 0x000000070cf00000| Untracked 
| 126|0x000000070d000000, 0x000000070d000000, 0x000000070d100000|  0%| F|  |TAMS 0x000000070d000000, 0x000000070d000000| Untracked 
| 127|0x000000070d100000, 0x000000070d100000, 0x000000070d200000|  0%| F|  |TAMS 0x000000070d100000, 0x000000070d100000| Untracked 
| 128|0x000000070d200000, 0x000000070d200000, 0x000000070d300000|  0%| F|  |TAMS 0x000000070d200000, 0x000000070d200000| Untracked 
| 129|0x000000070d300000, 0x000000070d300000, 0x000000070d400000|  0%| F|  |TAMS 0x000000070d300000, 0x000000070d300000| Untracked 
| 130|0x000000070d400000, 0x000000070d400000, 0x000000070d500000|  0%| F|  |TAMS 0x000000070d400000, 0x000000070d400000| Untracked 
| 131|0x000000070d500000, 0x000000070d500000, 0x000000070d600000|  0%| F|  |TAMS 0x000000070d500000, 0x000000070d500000| Untracked 
| 132|0x000000070d600000, 0x000000070d600000, 0x000000070d700000|  0%| F|  |TAMS 0x000000070d600000, 0x000000070d600000| Untracked 
| 133|0x000000070d700000, 0x000000070d700000, 0x000000070d800000|  0%| F|  |TAMS 0x000000070d700000, 0x000000070d700000| Untracked 
| 134|0x000000070d800000, 0x000000070d800000, 0x000000070d900000|  0%| F|  |TAMS 0x000000070d800000, 0x000000070d800000| Untracked 
| 135|0x000000070d900000, 0x000000070d900000, 0x000000070da00000|  0%| F|  |TAMS 0x000000070d900000, 0x000000070d900000| Untracked 
| 136|0x000000070da00000, 0x000000070da00000, 0x000000070db00000|  0%| F|  |TAMS 0x000000070da00000, 0x000000070da00000| Untracked 
| 137|0x000000070db00000, 0x000000070db00000, 0x000000070dc00000|  0%| F|  |TAMS 0x000000070db00000, 0x000000070db00000| Untracked 
| 138|0x000000070dc00000, 0x000000070dc00000, 0x000000070dd00000|  0%| F|  |TAMS 0x000000070dc00000, 0x000000070dc00000| Untracked 
| 139|0x000000070dd00000, 0x000000070dd00000, 0x000000070de00000|  0%| F|  |TAMS 0x000000070dd00000, 0x000000070dd00000| Untracked 
| 140|0x000000070de00000, 0x000000070de00000, 0x000000070df00000|  0%| F|  |TAMS 0x000000070de00000, 0x000000070de00000| Untracked 
| 141|0x000000070df00000, 0x000000070df00000, 0x000000070e000000|  0%| F|  |TAMS 0x000000070df00000, 0x000000070df00000| Untracked 
| 142|0x000000070e000000, 0x000000070e000000, 0x000000070e100000|  0%| F|  |TAMS 0x000000070e000000, 0x000000070e000000| Untracked 
| 143|0x000000070e100000, 0x000000070e100000, 0x000000070e200000|  0%| F|  |TAMS 0x000000070e100000, 0x000000070e100000| Untracked 
| 144|0x000000070e200000, 0x000000070e200000, 0x000000070e300000|  0%| F|  |TAMS 0x000000070e200000, 0x000000070e200000| Untracked 
| 145|0x000000070e300000, 0x000000070e300000, 0x000000070e400000|  0%| F|  |TAMS 0x000000070e300000, 0x000000070e300000| Untracked 
| 146|0x000000070e400000, 0x000000070e400000, 0x000000070e500000|  0%| F|  |TAMS 0x000000070e400000, 0x000000070e400000| Untracked 
| 147|0x000000070e500000, 0x000000070e500000, 0x000000070e600000|  0%| F|  |TAMS 0x000000070e500000, 0x000000070e500000| Untracked 
| 148|0x000000070e600000, 0x000000070e600000, 0x000000070e700000|  0%| F|  |TAMS 0x000000070e600000, 0x000000070e600000| Untracked 
| 149|0x000000070e700000, 0x000000070e700000, 0x000000070e800000|  0%| F|  |TAMS 0x000000070e700000, 0x000000070e700000| Untracked 
| 150|0x000000070e800000, 0x000000070e800000, 0x000000070e900000|  0%| F|  |TAMS 0x000000070e800000, 0x000000070e800000| Untracked 
| 151|0x000000070e900000, 0x000000070e900000, 0x000000070ea00000|  0%| F|  |TAMS 0x000000070e900000, 0x000000070e900000| Untracked 
| 152|0x000000070ea00000, 0x000000070ea00000, 0x000000070eb00000|  0%| F|  |TAMS 0x000000070ea00000, 0x000000070ea00000| Untracked 
| 153|0x000000070eb00000, 0x000000070eb00000, 0x000000070ec00000|  0%| F|  |TAMS 0x000000070eb00000, 0x000000070eb00000| Untracked 
| 154|0x000000070ec00000, 0x000000070ec00000, 0x000000070ed00000|  0%| F|  |TAMS 0x000000070ec00000, 0x000000070ec00000| Untracked 
| 155|0x000000070ed00000, 0x000000070ed00000, 0x000000070ee00000|  0%| F|  |TAMS 0x000000070ed00000, 0x000000070ed00000| Untracked 
| 156|0x000000070ee00000, 0x000000070ee00000, 0x000000070ef00000|  0%| F|  |TAMS 0x000000070ee00000, 0x000000070ee00000| Untracked 
| 157|0x000000070ef00000, 0x000000070ef00000, 0x000000070f000000|  0%| F|  |TAMS 0x000000070ef00000, 0x000000070ef00000| Untracked 
| 158|0x000000070f000000, 0x000000070f000000, 0x000000070f100000|  0%| F|  |TAMS 0x000000070f000000, 0x000000070f000000| Untracked 
| 159|0x000000070f100000, 0x000000070f100000, 0x000000070f200000|  0%| F|  |TAMS 0x000000070f100000, 0x000000070f100000| Untracked 
| 160|0x000000070f200000, 0x000000070f200000, 0x000000070f300000|  0%| F|  |TAMS 0x000000070f200000, 0x000000070f200000| Untracked 
| 161|0x000000070f300000, 0x000000070f300000, 0x000000070f400000|  0%| F|  |TAMS 0x000000070f300000, 0x000000070f300000| Untracked 
| 162|0x000000070f400000, 0x000000070f400000, 0x000000070f500000|  0%| F|  |TAMS 0x000000070f400000, 0x000000070f400000| Untracked 
| 163|0x000000070f500000, 0x000000070f500000, 0x000000070f600000|  0%| F|  |TAMS 0x000000070f500000, 0x000000070f500000| Untracked 
| 164|0x000000070f600000, 0x000000070f600000, 0x000000070f700000|  0%| F|  |TAMS 0x000000070f600000, 0x000000070f600000| Untracked 
| 165|0x000000070f700000, 0x000000070f700000, 0x000000070f800000|  0%| F|  |TAMS 0x000000070f700000, 0x000000070f700000| Untracked 
| 166|0x000000070f800000, 0x000000070f800000, 0x000000070f900000|  0%| F|  |TAMS 0x000000070f800000, 0x000000070f800000| Untracked 
| 167|0x000000070f900000, 0x000000070f900000, 0x000000070fa00000|  0%| F|  |TAMS 0x000000070f900000, 0x000000070f900000| Untracked 
| 168|0x000000070fa00000, 0x000000070fa00000, 0x000000070fb00000|  0%| F|  |TAMS 0x000000070fa00000, 0x000000070fa00000| Untracked 
| 169|0x000000070fb00000, 0x000000070fb00000, 0x000000070fc00000|  0%| F|  |TAMS 0x000000070fb00000, 0x000000070fb00000| Untracked 
| 170|0x000000070fc00000, 0x000000070fc00000, 0x000000070fd00000|  0%| F|  |TAMS 0x000000070fc00000, 0x000000070fc00000| Untracked 
| 171|0x000000070fd00000, 0x000000070fd00000, 0x000000070fe00000|  0%| F|  |TAMS 0x000000070fd00000, 0x000000070fd00000| Untracked 
| 172|0x000000070fe00000, 0x000000070fe00000, 0x000000070ff00000|  0%| F|  |TAMS 0x000000070fe00000, 0x000000070fe00000| Untracked 
| 173|0x000000070ff00000, 0x000000070ff00000, 0x0000000710000000|  0%| F|  |TAMS 0x000000070ff00000, 0x000000070ff00000| Untracked 
| 174|0x0000000710000000, 0x0000000710000000, 0x0000000710100000|  0%| F|  |TAMS 0x0000000710000000, 0x0000000710000000| Untracked 
| 175|0x0000000710100000, 0x0000000710100000, 0x0000000710200000|  0%| F|  |TAMS 0x0000000710100000, 0x0000000710100000| Untracked 
| 176|0x0000000710200000, 0x0000000710200000, 0x0000000710300000|  0%| F|  |TAMS 0x0000000710200000, 0x0000000710200000| Untracked 
| 177|0x0000000710300000, 0x0000000710300000, 0x0000000710400000|  0%| F|  |TAMS 0x0000000710300000, 0x0000000710300000| Untracked 
| 178|0x0000000710400000, 0x0000000710400000, 0x0000000710500000|  0%| F|  |TAMS 0x0000000710400000, 0x0000000710400000| Untracked 
| 179|0x0000000710500000, 0x0000000710500000, 0x0000000710600000|  0%| F|  |TAMS 0x0000000710500000, 0x0000000710500000| Untracked 
| 180|0x0000000710600000, 0x0000000710600000, 0x0000000710700000|  0%| F|  |TAMS 0x0000000710600000, 0x0000000710600000| Untracked 
| 181|0x0000000710700000, 0x0000000710700000, 0x0000000710800000|  0%| F|  |TAMS 0x0000000710700000, 0x0000000710700000| Untracked 
| 182|0x0000000710800000, 0x0000000710800000, 0x0000000710900000|  0%| F|  |TAMS 0x0000000710800000, 0x0000000710800000| Untracked 
| 183|0x0000000710900000, 0x0000000710900000, 0x0000000710a00000|  0%| F|  |TAMS 0x0000000710900000, 0x0000000710900000| Untracked 
| 184|0x0000000710a00000, 0x0000000710a00000, 0x0000000710b00000|  0%| F|  |TAMS 0x0000000710a00000, 0x0000000710a00000| Untracked 
| 185|0x0000000710b00000, 0x0000000710b00000, 0x0000000710c00000|  0%| F|  |TAMS 0x0000000710b00000, 0x0000000710b00000| Untracked 
| 186|0x0000000710c00000, 0x0000000710c00000, 0x0000000710d00000|  0%| F|  |TAMS 0x0000000710c00000, 0x0000000710c00000| Untracked 
| 187|0x0000000710d00000, 0x0000000710d00000, 0x0000000710e00000|  0%| F|  |TAMS 0x0000000710d00000, 0x0000000710d00000| Untracked 
| 188|0x0000000710e00000, 0x0000000710e00000, 0x0000000710f00000|  0%| F|  |TAMS 0x0000000710e00000, 0x0000000710e00000| Untracked 
| 189|0x0000000710f00000, 0x0000000710f00000, 0x0000000711000000|  0%| F|  |TAMS 0x0000000710f00000, 0x0000000710f00000| Untracked 
| 190|0x0000000711000000, 0x0000000711000000, 0x0000000711100000|  0%| F|  |TAMS 0x0000000711000000, 0x0000000711000000| Untracked 
| 191|0x0000000711100000, 0x0000000711100000, 0x0000000711200000|  0%| F|  |TAMS 0x0000000711100000, 0x0000000711100000| Untracked 
| 192|0x0000000711200000, 0x0000000711200000, 0x0000000711300000|  0%| F|  |TAMS 0x0000000711200000, 0x0000000711200000| Untracked 
| 193|0x0000000711300000, 0x0000000711300000, 0x0000000711400000|  0%| F|  |TAMS 0x0000000711300000, 0x0000000711300000| Untracked 
| 194|0x0000000711400000, 0x0000000711400000, 0x0000000711500000|  0%| F|  |TAMS 0x0000000711400000, 0x0000000711400000| Untracked 
| 195|0x0000000711500000, 0x0000000711500000, 0x0000000711600000|  0%| F|  |TAMS 0x0000000711500000, 0x0000000711500000| Untracked 
| 196|0x0000000711600000, 0x0000000711600000, 0x0000000711700000|  0%| F|  |TAMS 0x0000000711600000, 0x0000000711600000| Untracked 
| 197|0x0000000711700000, 0x0000000711700000, 0x0000000711800000|  0%| F|  |TAMS 0x0000000711700000, 0x0000000711700000| Untracked 
| 198|0x0000000711800000, 0x0000000711800000, 0x0000000711900000|  0%| F|  |TAMS 0x0000000711800000, 0x0000000711800000| Untracked 
| 199|0x0000000711900000, 0x0000000711900000, 0x0000000711a00000|  0%| F|  |TAMS 0x0000000711900000, 0x0000000711900000| Untracked 
| 200|0x0000000711a00000, 0x0000000711a00000, 0x0000000711b00000|  0%| F|  |TAMS 0x0000000711a00000, 0x0000000711a00000| Untracked 
| 201|0x0000000711b00000, 0x0000000711b00000, 0x0000000711c00000|  0%| F|  |TAMS 0x0000000711b00000, 0x0000000711b00000| Untracked 
| 202|0x0000000711c00000, 0x0000000711c00000, 0x0000000711d00000|  0%| F|  |TAMS 0x0000000711c00000, 0x0000000711c00000| Untracked 
| 203|0x0000000711d00000, 0x0000000711d00000, 0x0000000711e00000|  0%| F|  |TAMS 0x0000000711d00000, 0x0000000711d00000| Untracked 
| 204|0x0000000711e00000, 0x0000000711e00000, 0x0000000711f00000|  0%| F|  |TAMS 0x0000000711e00000, 0x0000000711e00000| Untracked 
| 205|0x0000000711f00000, 0x0000000711f00000, 0x0000000712000000|  0%| F|  |TAMS 0x0000000711f00000, 0x0000000711f00000| Untracked 
| 206|0x0000000712000000, 0x0000000712000000, 0x0000000712100000|  0%| F|  |TAMS 0x0000000712000000, 0x0000000712000000| Untracked 
| 207|0x0000000712100000, 0x0000000712100000, 0x0000000712200000|  0%| F|  |TAMS 0x0000000712100000, 0x0000000712100000| Untracked 
| 208|0x0000000712200000, 0x0000000712200000, 0x0000000712300000|  0%| F|  |TAMS 0x0000000712200000, 0x0000000712200000| Untracked 
| 209|0x0000000712300000, 0x0000000712300000, 0x0000000712400000|  0%| F|  |TAMS 0x0000000712300000, 0x0000000712300000| Untracked 
| 210|0x0000000712400000, 0x0000000712400000, 0x0000000712500000|  0%| F|  |TAMS 0x0000000712400000, 0x0000000712400000| Untracked 
| 211|0x0000000712500000, 0x0000000712500000, 0x0000000712600000|  0%| F|  |TAMS 0x0000000712500000, 0x0000000712500000| Untracked 
| 212|0x0000000712600000, 0x0000000712600000, 0x0000000712700000|  0%| F|  |TAMS 0x0000000712600000, 0x0000000712600000| Untracked 
| 213|0x0000000712700000, 0x0000000712700000, 0x0000000712800000|  0%| F|  |TAMS 0x0000000712700000, 0x0000000712700000| Untracked 
| 214|0x0000000712800000, 0x0000000712800000, 0x0000000712900000|  0%| F|  |TAMS 0x0000000712800000, 0x0000000712800000| Untracked 
| 215|0x0000000712900000, 0x0000000712900000, 0x0000000712a00000|  0%| F|  |TAMS 0x0000000712900000, 0x0000000712900000| Untracked 
| 216|0x0000000712a00000, 0x0000000712a00000, 0x0000000712b00000|  0%| F|  |TAMS 0x0000000712a00000, 0x0000000712a00000| Untracked 
| 217|0x0000000712b00000, 0x0000000712b00000, 0x0000000712c00000|  0%| F|  |TAMS 0x0000000712b00000, 0x0000000712b00000| Untracked 
| 218|0x0000000712c00000, 0x0000000712c00000, 0x0000000712d00000|  0%| F|  |TAMS 0x0000000712c00000, 0x0000000712c00000| Untracked 
| 219|0x0000000712d00000, 0x0000000712d00000, 0x0000000712e00000|  0%| F|  |TAMS 0x0000000712d00000, 0x0000000712d00000| Untracked 
| 220|0x0000000712e00000, 0x0000000712e00000, 0x0000000712f00000|  0%| F|  |TAMS 0x0000000712e00000, 0x0000000712e00000| Untracked 
| 221|0x0000000712f00000, 0x0000000712f00000, 0x0000000713000000|  0%| F|  |TAMS 0x0000000712f00000, 0x0000000712f00000| Untracked 
| 222|0x0000000713000000, 0x0000000713000000, 0x0000000713100000|  0%| F|  |TAMS 0x0000000713000000, 0x0000000713000000| Untracked 
| 223|0x0000000713100000, 0x0000000713100000, 0x0000000713200000|  0%| F|  |TAMS 0x0000000713100000, 0x0000000713100000| Untracked 
| 224|0x0000000713200000, 0x0000000713200000, 0x0000000713300000|  0%| F|  |TAMS 0x0000000713200000, 0x0000000713200000| Untracked 
| 225|0x0000000713300000, 0x0000000713300000, 0x0000000713400000|  0%| F|  |TAMS 0x0000000713300000, 0x0000000713300000| Untracked 
| 226|0x0000000713400000, 0x0000000713400000, 0x0000000713500000|  0%| F|  |TAMS 0x0000000713400000, 0x0000000713400000| Untracked 
| 227|0x0000000713500000, 0x0000000713500000, 0x0000000713600000|  0%| F|  |TAMS 0x0000000713500000, 0x0000000713500000| Untracked 
| 228|0x0000000713600000, 0x0000000713600000, 0x0000000713700000|  0%| F|  |TAMS 0x0000000713600000, 0x0000000713600000| Untracked 
| 229|0x0000000713700000, 0x0000000713700000, 0x0000000713800000|  0%| F|  |TAMS 0x0000000713700000, 0x0000000713700000| Untracked 
| 230|0x0000000713800000, 0x0000000713800000, 0x0000000713900000|  0%| F|  |TAMS 0x0000000713800000, 0x0000000713800000| Untracked 
| 231|0x0000000713900000, 0x0000000713900000, 0x0000000713a00000|  0%| F|  |TAMS 0x0000000713900000, 0x0000000713900000| Untracked 
| 232|0x0000000713a00000, 0x0000000713a00000, 0x0000000713b00000|  0%| F|  |TAMS 0x0000000713a00000, 0x0000000713a00000| Untracked 
| 233|0x0000000713b00000, 0x0000000713b00000, 0x0000000713c00000|  0%| F|  |TAMS 0x0000000713b00000, 0x0000000713b00000| Untracked 
| 234|0x0000000713c00000, 0x0000000713c00000, 0x0000000713d00000|  0%| F|  |TAMS 0x0000000713c00000, 0x0000000713c00000| Untracked 
| 235|0x0000000713d00000, 0x0000000713d00000, 0x0000000713e00000|  0%| F|  |TAMS 0x0000000713d00000, 0x0000000713d00000| Untracked 
| 236|0x0000000713e00000, 0x0000000713e00000, 0x0000000713f00000|  0%| F|  |TAMS 0x0000000713e00000, 0x0000000713e00000| Untracked 
| 237|0x0000000713f00000, 0x0000000713f00000, 0x0000000714000000|  0%| F|  |TAMS 0x0000000713f00000, 0x0000000713f00000| Untracked 
| 238|0x0000000714000000, 0x0000000714000000, 0x0000000714100000|  0%| F|  |TAMS 0x0000000714000000, 0x0000000714000000| Untracked 
| 239|0x0000000714100000, 0x0000000714100000, 0x0000000714200000|  0%| F|  |TAMS 0x0000000714100000, 0x0000000714100000| Untracked 
| 240|0x0000000714200000, 0x0000000714200000, 0x0000000714300000|  0%| F|  |TAMS 0x0000000714200000, 0x0000000714200000| Untracked 
| 241|0x0000000714300000, 0x0000000714300000, 0x0000000714400000|  0%| F|  |TAMS 0x0000000714300000, 0x0000000714300000| Untracked 
| 242|0x0000000714400000, 0x0000000714400000, 0x0000000714500000|  0%| F|  |TAMS 0x0000000714400000, 0x0000000714400000| Untracked 
| 243|0x0000000714500000, 0x0000000714500000, 0x0000000714600000|  0%| F|  |TAMS 0x0000000714500000, 0x0000000714500000| Untracked 
| 244|0x0000000714600000, 0x0000000714600000, 0x0000000714700000|  0%| F|  |TAMS 0x0000000714600000, 0x0000000714600000| Untracked 
| 245|0x0000000714700000, 0x0000000714700000, 0x0000000714800000|  0%| F|  |TAMS 0x0000000714700000, 0x0000000714700000| Untracked 
| 246|0x0000000714800000, 0x0000000714800000, 0x0000000714900000|  0%| F|  |TAMS 0x0000000714800000, 0x0000000714800000| Untracked 
| 247|0x0000000714900000, 0x00000007149f6578, 0x0000000714a00000| 96%| E|  |TAMS 0x0000000714900000, 0x0000000714900000| Complete 
| 248|0x0000000714a00000, 0x0000000714b00000, 0x0000000714b00000|100%| E|CS|TAMS 0x0000000714a00000, 0x0000000714a00000| Complete 
| 249|0x0000000714b00000, 0x0000000714c00000, 0x0000000714c00000|100%| E|CS|TAMS 0x0000000714b00000, 0x0000000714b00000| Complete 
| 250|0x0000000714c00000, 0x0000000714d00000, 0x0000000714d00000|100%| E|CS|TAMS 0x0000000714c00000, 0x0000000714c00000| Complete 
| 251|0x0000000714d00000, 0x0000000714e00000, 0x0000000714e00000|100%| E|CS|TAMS 0x0000000714d00000, 0x0000000714d00000| Complete 

Card table byte_map: [0x00000272c20f0000,0x00000272c28d0000] _byte_map_base: 0x00000272be8c7000

Marking Bits (Prev, Next): (CMBitMap*) 0x00000272a973e9e8, (CMBitMap*) 0x00000272a973ea20
 Prev Bits: [0x00000272c30b0000, 0x00000272c6f68000)
 Next Bits: [0x00000272c6f70000, 0x00000272cae28000)

Polling page: 0x00000272a7680000

Metaspace:

Usage:
  Non-class:      6.06 MB capacity,     5.97 MB ( 98%) used,    93.18 KB (  2%) free+waste,     4.50 KB ( <1%) overhead. 
      Class:    643.00 KB capacity,   581.40 KB ( 90%) used,    59.41 KB (  9%) free+waste,     2.19 KB ( <1%) overhead. 
       Both:      6.69 MB capacity,     6.53 MB ( 98%) used,   152.59 KB (  2%) free+waste,     6.69 KB ( <1%) overhead. 

Virtual space:
  Non-class space:        8.00 MB reserved,       6.25 MB ( 78%) committed 
      Class space:        1.00 GB reserved,     768.00 KB ( <1%) committed 
             Both:        1.01 GB reserved,       7.00 MB ( <1%) committed 

Chunk freelists:
   Non-Class:  1.00 KB
       Class:  29.00 KB
        Both:  30.00 KB

MaxMetaspaceSize: 17179869184.00 GB
CompressedClassSpaceSize: 1.00 GB
Initial GC threshold: 20.80 MB
Current GC threshold: 20.80 MB
CDS: off

CodeHeap 'non-profiled nmethods': size=119168Kb used=113Kb max_used=113Kb free=119054Kb
 bounds [0x00000272b9a10000, 0x00000272b9c80000, 0x00000272c0e70000]
CodeHeap 'profiled nmethods': size=119168Kb used=381Kb max_used=381Kb free=118786Kb
 bounds [0x00000272b25b0000, 0x00000272b2820000, 0x00000272b9a10000]
CodeHeap 'non-nmethods': size=7424Kb used=2791Kb max_used=2806Kb free=4632Kb
 bounds [0x00000272b1e70000, 0x00000272b2130000, 0x00000272b25b0000]
 total_blobs=677 nmethods=329 adapters=258
 compilation: enabled
              stopped_count=0, restarted_count=0
 full_count=0

Compilation events (20 events):
Event: 0.470 Thread 0x00000272cecd4800  318       3       sun.net.www.ParseUtil::firstEncodeIndex (86 bytes)
Event: 0.470 Thread 0x00000272cecd4800 nmethod 318 0x00000272b260c810 code [0x00000272b260ca60, 0x00000272b260d428]
Event: 0.471 Thread 0x00000272cecd5800  319       4       java.lang.StringLatin1::indexOf (121 bytes)
Event: 0.471 Thread 0x00000272ced70000  320       4       java.lang.String::startsWith (138 bytes)
Event: 0.471 Thread 0x00000272cecd0000  321       3       java.lang.StringUTF16::toBytes (34 bytes)
Event: 0.472 Thread 0x00000272cecd0000 nmethod 321 0x00000272b260d790 code [0x00000272b260d960, 0x00000272b260db68]
Event: 0.475 Thread 0x00000272ceb4a800  322       4       java.lang.StringUTF16::length (5 bytes)
Event: 0.476 Thread 0x00000272ceb4a800 nmethod 322 0x00000272b9a29790 code [0x00000272b9a29920, 0x00000272b9a29978]
Event: 0.478 Thread 0x00000272ced70000 nmethod 320 0x00000272b9a29a90 code [0x00000272b9a29c20, 0x00000272b9a29e98]
Event: 0.479 Thread 0x00000272ceb51000  324       3       java.util.Collections$UnmodifiableCollection$1::next (10 bytes)
Event: 0.479 Thread 0x00000272cecd0000  325       1       java.nio.Buffer::position (5 bytes)
Event: 0.479 Thread 0x00000272ceb51000 nmethod 324 0x00000272b260dd10 code [0x00000272b260dec0, 0x00000272b260e088]
Event: 0.479 Thread 0x00000272ceb51000  326       1       java.nio.Buffer::limit (5 bytes)
Event: 0.479 Thread 0x00000272ceccf000  327       3       java.lang.String::getChars (54 bytes)
Event: 0.479 Thread 0x00000272ceb4a800  323       4       java.util.HashMap::putVal (300 bytes)
Event: 0.480 Thread 0x00000272cecd0000 nmethod 325 0x00000272b9a2a090 code [0x00000272b9a2a240, 0x00000272b9a2a2f8]
Event: 0.480 Thread 0x00000272ceb51000 nmethod 326 0x00000272b9a2a390 code [0x00000272b9a2a540, 0x00000272b9a2a5f8]
Event: 0.482 Thread 0x00000272ceccf000 nmethod 327 0x00000272b260e190 code [0x00000272b260e3a0, 0x00000272b260e858]
Event: 0.482 Thread 0x00000272cecd5800 nmethod 319 0x00000272b9a2a690 code [0x00000272b9a2a840, 0x00000272b9a2adb8]
Event: 0.484 Thread 0x00000272cecd4800  328       3       java.nio.ByteBuffer::arrayOffset (35 bytes)

GC Heap History (0 events):
No events

Deoptimization events (20 events):
Event: 0.373 Thread 0x00000272a96d8000 Uncommon trap: trap_request=0xffffffde fr.pc=0x00000272b9a1e478 relative=0x0000000000000b78
Event: 0.373 Thread 0x00000272a96d8000 Uncommon trap: reason=class_check action=maybe_recompile pc=0x00000272b9a1e478 method=java.util.HashMap.putVal(ILjava/lang/Object;Ljava/lang/Object;ZZ)Ljava/lang/Object; @ 152 c2
Event: 0.373 Thread 0x00000272a96d8000 DEOPT PACKING pc=0x00000272b9a1e478 sp=0x000000ac267f8800
Event: 0.374 Thread 0x00000272a96d8000 DEOPT UNPACKING pc=0x00000272b1eba1af sp=0x000000ac267f8780 mode 2
Event: 0.376 Thread 0x00000272a96d8000 Uncommon trap: trap_request=0xffffffde fr.pc=0x00000272b9a1e478 relative=0x0000000000000b78
Event: 0.376 Thread 0x00000272a96d8000 Uncommon trap: reason=class_check action=maybe_recompile pc=0x00000272b9a1e478 method=java.util.HashMap.putVal(ILjava/lang/Object;Ljava/lang/Object;ZZ)Ljava/lang/Object; @ 152 c2
Event: 0.376 Thread 0x00000272a96d8000 DEOPT PACKING pc=0x00000272b9a1e478 sp=0x000000ac267fadf0
Event: 0.376 Thread 0x00000272a96d8000 DEOPT UNPACKING pc=0x00000272b1eba1af sp=0x000000ac267fad70 mode 2
Event: 0.376 Thread 0x00000272a96d8000 Uncommon trap: trap_request=0xffffffde fr.pc=0x00000272b9a1e478 relative=0x0000000000000b78
Event: 0.376 Thread 0x00000272a96d8000 Uncommon trap: reason=class_check action=maybe_recompile pc=0x00000272b9a1e478 method=java.util.HashMap.putVal(ILjava/lang/Object;Ljava/lang/Object;ZZ)Ljava/lang/Object; @ 152 c2
Event: 0.376 Thread 0x00000272a96d8000 DEOPT PACKING pc=0x00000272b9a1e478 sp=0x000000ac267fadf0
Event: 0.376 Thread 0x00000272a96d8000 DEOPT UNPACKING pc=0x00000272b1eba1af sp=0x000000ac267fad70 mode 2
Event: 0.380 Thread 0x00000272a96d8000 Uncommon trap: trap_request=0xffffff4d fr.pc=0x00000272b9a1d02c relative=0x000000000000018c
Event: 0.380 Thread 0x00000272a96d8000 Uncommon trap: reason=unstable_if action=reinterpret pc=0x00000272b9a1d02c method=java.lang.String.equals(Ljava/lang/Object;)Z @ 27 c2
Event: 0.380 Thread 0x00000272a96d8000 DEOPT PACKING pc=0x00000272b9a1d02c sp=0x000000ac267fe8c0
Event: 0.380 Thread 0x00000272a96d8000 DEOPT UNPACKING pc=0x00000272b1eba1af sp=0x000000ac267fe860 mode 2
Event: 0.391 Thread 0x00000272a96d8000 DEOPT PACKING pc=0x00000272b25ef0cb sp=0x000000ac267fad70
Event: 0.391 Thread 0x00000272a96d8000 DEOPT UNPACKING pc=0x00000272b1eba95e sp=0x000000ac267fa240 mode 0
Event: 0.470 Thread 0x00000272a96d8000 DEOPT PACKING pc=0x00000272b25fab7f sp=0x000000ac267fd220
Event: 0.470 Thread 0x00000272a96d8000 DEOPT UNPACKING pc=0x00000272b1eba95e sp=0x000000ac267fc670 mode 0

Classes redefined (0 events):
No events

Internal exceptions (2 events):
Event: 0.478 Thread 0x00000272a96d8000 Exception <a 'java/io/FileNotFoundException'{0x0000000714999278}> (0x0000000714999278) thrown at [s\src\hotspot\share\prims\jni.cpp, line 617]
Event: 0.481 Thread 0x00000272a96d8000 Exception <a 'java/lang/reflect/InvocationTargetException'{0x000000071499f8e8}> (0x000000071499f8e8) thrown at [s\src\hotspot\share\runtime\reflection.cpp, line 1245]

Events (20 events):
Event: 0.470 loading class java/lang/IncompatibleClassChangeError done
Event: 0.470 loading class java/lang/NoSuchFieldError done
Event: 0.470 loading class org/jacoco/agent/rt/internal_4742761/output/FileOutput
Event: 0.470 loading class org/jacoco/agent/rt/internal_4742761/output/FileOutput done
Event: 0.473 loading class java/lang/InterruptedException
Event: 0.473 loading class java/lang/InterruptedException done
Event: 0.473 loading class java/nio/channels/OverlappingFileLockException
Event: 0.473 loading class java/nio/channels/OverlappingFileLockException done
Event: 0.473 loading class java/io/InterruptedIOException
Event: 0.473 loading class java/io/InterruptedIOException done
Event: 0.478 loading class java/io/FileNotFoundException
Event: 0.478 loading class java/io/FileNotFoundException done
Event: 0.478 loading class java/lang/Throwable$WrappedPrintStream
Event: 0.478 loading class java/lang/Throwable$PrintStreamOrWriter
Event: 0.478 loading class java/lang/Throwable$PrintStreamOrWriter done
Event: 0.478 loading class java/lang/Throwable$WrappedPrintStream done
Event: 0.479 loading class java/lang/StackTraceElement$HashedModules
Event: 0.479 loading class java/lang/StackTraceElement$HashedModules done
Event: 0.479 loading class java/lang/reflect/InvocationTargetException
Event: 0.480 loading class java/lang/reflect/InvocationTargetException done


Dynamic libraries:
0x00007ff7e02f0000 - 0x00007ff7e02fe000 	D:\Program Files\Eclipse Adoptium\jdk-11.0.24.8-hotspot\bin\java.exe
0x00007ffda84b0000 - 0x00007ffda86c7000 	C:\WINDOWS\SYSTEM32\ntdll.dll
0x00007ffda6cb0000 - 0x00007ffda6d74000 	C:\WINDOWS\System32\KERNEL32.DLL
0x00007ffda5db0000 - 0x00007ffda6167000 	C:\WINDOWS\System32\KERNELBASE.dll
0x00007ffda5990000 - 0x00007ffda5aa1000 	C:\WINDOWS\System32\ucrtbase.dll
0x00007ffd9f370000 - 0x00007ffd9f387000 	D:\Program Files\Eclipse Adoptium\jdk-11.0.24.8-hotspot\bin\jli.dll
0x00007ffd9f350000 - 0x00007ffd9f36b000 	D:\Program Files\Eclipse Adoptium\jdk-11.0.24.8-hotspot\bin\VCRUNTIME140.dll
0x00007ffda61e0000 - 0x00007ffda638f000 	C:\WINDOWS\System32\USER32.dll
0x00007ffda5b50000 - 0x00007ffda5b76000 	C:\WINDOWS\System32\win32u.dll
0x00007ffda7500000 - 0x00007ffda7529000 	C:\WINDOWS\System32\GDI32.dll
0x00007ffd88150000 - 0x00007ffd883e3000 	C:\WINDOWS\WinSxS\amd64_microsoft.windows.common-controls_6595b64144ccf1df_6.0.22621.3672_none_2713b9d173822955\COMCTL32.dll
0x00007ffda57c0000 - 0x00007ffda58d8000 	C:\WINDOWS\System32\gdi32full.dll
0x00007ffda6850000 - 0x00007ffda68f7000 	C:\WINDOWS\System32\msvcrt.dll
0x00007ffda5ab0000 - 0x00007ffda5b4a000 	C:\WINDOWS\System32\msvcp_win.dll
0x00007ffda76c0000 - 0x00007ffda76f1000 	C:\WINDOWS\System32\IMM32.DLL
0x00007ffd9f340000 - 0x00007ffd9f34c000 	D:\Program Files\Eclipse Adoptium\jdk-11.0.24.8-hotspot\bin\vcruntime140_1.dll
0x00007ffd4ec30000 - 0x00007ffd4ecbd000 	D:\Program Files\Eclipse Adoptium\jdk-11.0.24.8-hotspot\bin\msvcp140.dll
0x00007ffd24020000 - 0x00007ffd24be4000 	D:\Program Files\Eclipse Adoptium\jdk-11.0.24.8-hotspot\bin\server\jvm.dll
0x00007ffda6d80000 - 0x00007ffda6e32000 	C:\WINDOWS\System32\ADVAPI32.dll
0x00007ffda7530000 - 0x00007ffda75d8000 	C:\WINDOWS\System32\sechost.dll
0x00007ffda5960000 - 0x00007ffda5988000 	C:\WINDOWS\System32\bcrypt.dll
0x00007ffda7360000 - 0x00007ffda7474000 	C:\WINDOWS\System32\RPCRT4.dll
0x00007ffda6900000 - 0x00007ffda6908000 	C:\WINDOWS\System32\PSAPI.DLL
0x00007ffd9e6a0000 - 0x00007ffd9e6d4000 	C:\WINDOWS\SYSTEM32\WINMM.dll
0x00007ffd7fc60000 - 0x00007ffd7fc69000 	C:\WINDOWS\SYSTEM32\WSOCK32.dll
0x00007ffd9b690000 - 0x00007ffd9b69a000 	C:\WINDOWS\SYSTEM32\VERSION.dll
0x00007ffda7480000 - 0x00007ffda74f1000 	C:\WINDOWS\System32\WS2_32.dll
0x00007ffda4900000 - 0x00007ffda4918000 	C:\WINDOWS\SYSTEM32\kernel.appcore.dll
0x00007ffd9f330000 - 0x00007ffd9f340000 	D:\Program Files\Eclipse Adoptium\jdk-11.0.24.8-hotspot\bin\verify.dll
0x00007ffda29e0000 - 0x00007ffda2c12000 	C:\WINDOWS\SYSTEM32\DBGHELP.DLL
0x00007ffda7700000 - 0x00007ffda7a8e000 	C:\WINDOWS\System32\combase.dll
0x00007ffda75e0000 - 0x00007ffda76b7000 	C:\WINDOWS\System32\OLEAUT32.dll
0x00007ffd984e0000 - 0x00007ffd98512000 	C:\WINDOWS\SYSTEM32\dbgcore.DLL
0x00007ffda58e0000 - 0x00007ffda595b000 	C:\WINDOWS\System32\bcryptPrimitives.dll
0x00007ffd9f2d0000 - 0x00007ffd9f2f8000 	D:\Program Files\Eclipse Adoptium\jdk-11.0.24.8-hotspot\bin\java.dll
0x00007ffd9f320000 - 0x00007ffd9f32a000 	D:\Program Files\Eclipse Adoptium\jdk-11.0.24.8-hotspot\bin\jimage.dll
0x00007ffd879d0000 - 0x00007ffd879de000 	D:\Program Files\Eclipse Adoptium\jdk-11.0.24.8-hotspot\bin\instrument.dll
0x00007ffd86c10000 - 0x00007ffd86c28000 	D:\Program Files\Eclipse Adoptium\jdk-11.0.24.8-hotspot\bin\zip.dll
0x00007ffda7c00000 - 0x00007ffda8469000 	C:\WINDOWS\System32\SHELL32.dll
0x00007ffda3730000 - 0x00007ffda402f000 	C:\WINDOWS\SYSTEM32\windows.storage.dll
0x00007ffda35f0000 - 0x00007ffda372f000 	C:\WINDOWS\SYSTEM32\wintypes.dll
0x00007ffda7aa0000 - 0x00007ffda7b99000 	C:\WINDOWS\System32\SHCORE.dll
0x00007ffda7ba0000 - 0x00007ffda7bfe000 	C:\WINDOWS\System32\shlwapi.dll
0x00007ffda56f0000 - 0x00007ffda5717000 	C:\WINDOWS\SYSTEM32\profapi.dll
0x00007ffd86240000 - 0x00007ffd86259000 	D:\Program Files\Eclipse Adoptium\jdk-11.0.24.8-hotspot\bin\net.dll
0x00007ffda1f20000 - 0x00007ffda2056000 	C:\WINDOWS\SYSTEM32\WINHTTP.dll
0x00007ffda4d70000 - 0x00007ffda4dd9000 	C:\WINDOWS\system32\mswsock.dll
0x00007ffd6b920000 - 0x00007ffd6b932000 	D:\Program Files\Eclipse Adoptium\jdk-11.0.24.8-hotspot\bin\nio.dll
0x00007ffd4f3c0000 - 0x00007ffd4f3d7000 	C:\WINDOWS\system32\napinsp.dll
0x00007ffd4f3a0000 - 0x00007ffd4f3bb000 	C:\WINDOWS\system32\pnrpnsp.dll
0x00007ffda4370000 - 0x00007ffda4472000 	C:\WINDOWS\SYSTEM32\DNSAPI.dll
0x00007ffda4300000 - 0x00007ffda432d000 	C:\WINDOWS\SYSTEM32\IPHLPAPI.DLL
0x00007ffda7350000 - 0x00007ffda7359000 	C:\WINDOWS\System32\NSI.dll
0x00007ffd4ed10000 - 0x00007ffd4ed21000 	C:\WINDOWS\System32\winrnr.dll
0x00007ffd90dc0000 - 0x00007ffd90dd5000 	C:\WINDOWS\system32\wshbth.dll
0x00007ffd4f370000 - 0x00007ffd4f397000 	C:\WINDOWS\system32\nlansp_c.dll
0x00007ffda0690000 - 0x00007ffda069a000 	C:\Windows\System32\rasadhlp.dll
0x00007ffd9eb40000 - 0x00007ffd9ebc3000 	C:\WINDOWS\System32\fwpuclnt.dll

dbghelp: loaded successfully - version: 4.0.5 - missing functions: none
symbol engine: initialized successfully - sym options: 0x614 - pdb path: .;D:\Program Files\Eclipse Adoptium\jdk-11.0.24.8-hotspot\bin;C:\WINDOWS\SYSTEM32;C:\WINDOWS\WinSxS\amd64_microsoft.windows.common-controls_6595b64144ccf1df_6.0.22621.3672_none_2713b9d173822955;D:\Program Files\Eclipse Adoptium\jdk-11.0.24.8-hotspot\bin\server

VM Arguments:
jvm_args: -ea -javaagent:c:\\Users\\ºúÒ«çç\\.vscode\\extensions\\vscjava.vscode-java-test-0.42.0\\server\\jacocoagent.jar=destfile=c:\\Users\\ºúÒ«çç\\AppData\\Roaming\\Code\\User\\workspaceStorage\\d2fb03d3bf85eb8093b5f09031fc8f3f\\vscjava.vscode-java-test\\ProjectStarter_b79a3a3e\\coverage\\jacoco.exec,append=false -Dfile.encoding=UTF-8 
java_command: org.eclipse.jdt.internal.junit.runner.RemoteTestRunner -version 3 -port 59596 -testLoaderClass org.eclipse.jdt.internal.junit5.runner.JUnit5TestLoader -loaderpluginname org.eclipse.jdt.junit5.runtime -testNameFile C:\Users\ºúÒ«çç\AppData\Local\Temp\testNames17654291959597511424.txt
java_class_path (initial): d:\CPSC 210\ProjectStarter\bin;d:\CPSC 210\ProjectStarter\lib\junit-platform-console-standalone-1.10.2.jar;d:\CPSC 210\ProjectStarter\lib\json-20240303.jar;c:\Users\ºúÒ«çç\AppData\Roaming\Code\User\globalStorage\redhat.java\1.34.0\config_win\org.eclipse.osgi\113\0\.cp;c:\Users\ºúÒ«çç\AppData\Roaming\Code\User\globalStorage\redhat.java\1.34.0\config_win\org.eclipse.osgi\53\0\.cp;c:\Users\ºúÒ«çç\AppData\Roaming\Code\User\globalStorage\redhat.java\1.34.0\config_win\org.eclipse.osgi\105\0\.cp;c:\Users\ºúÒ«çç\AppData\Roaming\Code\User\globalStorage\redhat.java\1.34.0\config_win\org.eclipse.osgi\100\0\.cp;c:\Users\ºúÒ«çç\AppData\Roaming\Code\User\globalStorage\redhat.java\1.34.0\config_win\org.eclipse.osgi\99\0\.cp
Launcher Type: SUN_STANDARD

[Global flags]
     intx CICompilerCount                          = 12                                        {product} {ergonomic}
     uint ConcGCThreads                            = 4                                         {product} {ergonomic}
     uint G1ConcRefinementThreads                  = 15                                        {product} {ergonomic}
   size_t G1HeapRegionSize                         = 1048576                                   {product} {ergonomic}
    uintx GCDrainStackTargetSize                   = 64                                        {product} {ergonomic}
   size_t InitialHeapSize                          = 264241152                                 {product} {ergonomic}
   size_t MarkStackSize                            = 4194304                                   {product} {ergonomic}
   size_t MaxHeapSize                              = 4208984064                                {product} {ergonomic}
   size_t MaxNewSize                               = 2524971008                                {product} {ergonomic}
   size_t MinHeapDeltaBytes                        = 1048576                                   {product} {ergonomic}
    uintx NonNMethodCodeHeapSize                   = 7594288                                {pd product} {ergonomic}
    uintx NonProfiledCodeHeapSize                  = 122031976                              {pd product} {ergonomic}
    uintx ProfiledCodeHeapSize                     = 122031976                              {pd product} {ergonomic}
    uintx ReservedCodeCacheSize                    = 251658240                              {pd product} {ergonomic}
     bool SegmentedCodeCache                       = true                                      {product} {ergonomic}
     bool UseCompressedClassPointers               = true                                 {lp64_product} {ergonomic}
     bool UseCompressedOops                        = true                                 {lp64_product} {ergonomic}
     bool UseG1GC                                  = true                                      {product} {ergonomic}
     bool UseLargePagesIndividualAllocation        = false                                  {pd product} {ergonomic}

Logging:
Log output configuration:
 #0: stdout all=warning uptime,level,tags
 #1: stderr all=off uptime,level,tags

Environment Variables:
PATH=D:\Program Files\Eclipse Adoptium\jdk-11.0.24.8-hotspot\bin;C:\windows\system32;C:\windows;C:\windows\System32\Wbem;C:\windows\System32\WindowsPowerShell\v1.0\;C:\windows\System32\OpenSSH\;C:\Program Files\NVIDIA Corporation\NVIDIA NvDLISR;C:\Program Files\dotnet\;D:\python-3.11.2-amd64;C:\WINDOWS\system32;C:\WINDOWS;C:\WINDOWS\System32\Wbem;C:\WINDOWS\System32\WindowsPowerShell\v1.0\;C:\WINDOWS\System32\OpenSSH\;C:\Program Files (x86)\NVIDIA Corporation\PhysX\Common;C:\Program Files\HP\HP One Agent;C:\WINDOWS\system32;C:\WINDOWS;C:\WINDOWS\System32\Wbem;C:\WINDOWS\System32\WindowsPowerShell\v1.0\;C:\WINDOWS\System32\OpenSSH\;D:\Program Files\Git\cmd;C:\Users\ºúÒ«çç\AppData\Local\Microsoft\WindowsApps;D:\Tencent Games\QQGameTempest\Hall.57979\;C:\Users\ºúÒ«çç\.dotnet\tools;D:\Microsoft VS Code\bin
USERNAME=ºúÒ«çç
OS=Windows_NT
PROCESSOR_IDENTIFIER=Intel64 Family 6 Model 154 Stepping 3, GenuineIntel
TMP=C:\Users\ºúÒ«çç\AppData\Local\Temp
TEMP=C:\Users\ºúÒ«çç\AppData\Local\Temp



---------------  S Y S T E M  ---------------

OS: Windows 11 , 64 bit Build 22621 (10.0.22621.3958)
OS uptime: 0 days 3:41 hours

CPU:total 20 (initial active 20) (10 cores per cpu, 2 threads per core) family 6 model 154 stepping 3 microcode 0x423, cmov, cx8, fxsr, mmx, sse, sse2, sse3, ssse3, sse4.1, sse4.2, popcnt, avx, avx2, aes, clmul, erms, 3dnowpref, lzcnt, ht, tsc, tscinvbit, bmi1, bmi2, adx, sha, fma

Memory: 4k page, system-wide physical 16048M (6077M free)
TotalPageFile size 19760M (AvailPageFile size 6167M)
current process WorkingSet (physical memory assigned to process): 47M, peak: 47M
current process commit charge ("private bytes"): 354M, peak: 354M

vm_info: OpenJDK 64-Bit Server VM (11.0.24+8) for windows-amd64 JRE (11.0.24+8), built on Jul 16 2024 23:39:21 by "" with MS VC++ 16.10 / 16.11 (VS2019)

END.
